Base path: /Applications/Unity/Unity.app/Contents
Pipe name: \\.\pipe\UnityShaderCompiler-2--1332482048
Cmd: getPlatforms
Cmd: compileSnippet
  api=9 type=0 insize=876 outsize=629 kw= ok=1
Cmd: compileSnippet
  api=9 type=1 insize=1770 outsize=7 kw= ok=1
Cmd: compileSnippet
  api=9 type=0 insize=2154 outsize=2151 kw= ok=1
Cmd: compileSnippet
  api=9 type=1 insize=1788 outsize=7 kw= ok=1
Cmd: compileSnippet
  api=9 type=0 insize=1852 outsize=1788 kw= ok=1
Cmd: compileSnippet
  api=9 type=0 insize=1097 outsize=1053 kw= ok=1
Cmd: compileSnippet
  api=9 type=1 insize=924 outsize=7 kw= ok=1
Cmd: compileSnippet
  api=9 type=0 insize=2137 outsize=2173 kw= ok=1
Cmd: compileSnippet
  api=9 type=0 insize=1329 outsize=1271 kw= ok=1
Cmd: compileSnippet
  api=9 type=1 insize=1252 outsize=7 kw= ok=1
Cmd: compileSnippet
  api=9 type=0 insize=2284 outsize=2499 kw= ok=1
Cmd: compileSnippet
  api=9 type=0 insize=1260 outsize=1456 kw= ok=1
Cmd: compileSnippet
  api=9 type=1 insize=882 outsize=7 kw= ok=1
Cmd: compileSnippet
  api=5 type=0 insize=1051 outsize=1040 kw= ok=1
Cmd: compileSnippet
  api=9 type=1 insize=1917 outsize=7 kw= ok=1
End of pipe

Quitting shader compiler process
